<?xml version="1.0" encoding="UTF-8"?>
<testsuite xmlns:xsi="http://www.w3.org/2001/XMLSchema-instance" xsi:noNamespaceSchemaLocation="https://maven.apache.org/surefire/maven-surefire-plugin/xsd/surefire-test-report-3.0.xsd" version="3.0" name="org.example.TextGraphTest" time="0.061" tests="5" errors="0" skipped="0" failures="0">
  <properties>
[...]
</properties>
  <testcase name="testQueryBridgeWords_case1" classname="org.example.TextGraphTest" time="0.014">
    <system-out><![CDATA[case1-Result: No "start" and "end" in the graph!
]]></system-out>
  </testcase>
  <testcase name="testQueryBridgeWords_case2" classname="org.example.TextGraphTest" time="0.001">
    <system-out><![CDATA[case2-Result: No "start" in the graph!
]]></system-out>
  </testcase>
  <testcase name="testQueryBridgeWords_case3" classname="org.example.TextGraphTest" time="0.0">
    <system-out><![CDATA[case3-Result: No "end" in the graph!
]]></system-out>
  </testcase>
  <testcase name="testQueryBridgeWords_case4" classname="org.example.TextGraphTest" time="0.0">
    <system-out><![CDATA[case4-Result: No bridge words from "seek" to "to"!
]]></system-out>
  </testcase>
  <testcase name="testQueryBridgeWords_case5" classname="org.example.TextGraphTest" time="0.001">
    <system-out><![CDATA[case5-Result: The bridge words from "to" to "strange" are: explore, seek
]]></system-out>
  </testcase>
</testsuite>